<?xml version="1.0" encoding="UTF-8"?>
<testsuite name="com.java.controller.CustomerControllerTest" tests="8" skipped="0" failures="0" errors="0" timestamp="2020-02-03T13:45:08" hostname="Harinaths-MBP" time="0.448">
  <properties/>
  <testcase name="testGetCustomer_NotFound()" classname="com.java.controller.CustomerControllerTest" time="0.298"/>
  <testcase name="testUpdateCustomer_NotFound()" classname="com.java.controller.CustomerControllerTest" time="0.023"/>
  <testcase name="testUpdateCustomer_OK()" classname="com.java.controller.CustomerControllerTest" time="0.055"/>
  <testcase name="getAllCustomers()" classname="com.java.controller.CustomerControllerTest" time="0.035"/>
  <testcase name="testDeleteCustomer_NotFound()" classname="com.java.controller.CustomerControllerTest" time="0.008"/>
  <testcase name="testDeleteCustomer_OK()" classname="com.java.controller.CustomerControllerTest" time="0.007"/>
  <testcase name="testGetCustomer_OK()" classname="com.java.controller.CustomerControllerTest" time="0.006"/>
  <testcase name="contextLoads()" classname="com.java.controller.CustomerControllerTest" time="0.004"/>
  <system-out><![CDATA[21:45:05.528 [Test worker] DEBUG org.springframework.test.context.BootstrapUtils - Instantiating CacheAwareContextLoaderDelegate from class [org.springframework.test.context.cache.DefaultCacheAwareContextLoaderDelegate]
21:45:05.548 [Test worker] DEBUG org.springframework.test.context.BootstrapUtils - Instantiating BootstrapContext using constructor [public org.springframework.test.context.support.DefaultBootstrapContext(java.lang.Class,org.springframework.test.context.CacheAwareContextLoaderDelegate)]
21:45:05.568 [Test worker] DEBUG org.springframework.test.context.BootstrapUtils - Instantiating TestContextBootstrapper for test class [com.java.controller.CustomerControllerTest] from class [org.springframework.boot.test.autoconfigure.web.servlet.WebMvcTestContextBootstrapper]
21:45:05.579 [Test worker] INFO org.springframework.boot.test.autoconfigure.web.servlet.WebMvcTestContextBootstrapper - Neither @ContextConfiguration nor @ContextHierarchy found for test class [com.java.controller.CustomerControllerTest], using SpringBootContextLoader
21:45:05.582 [Test worker] DEBUG org.springframework.test.context.support.AbstractContextLoader - Did not detect default resource location for test class [com.java.controller.CustomerControllerTest]: class path resource [com/java/controller/CustomerControllerTest-context.xml] does not exist
21:45:05.582 [Test worker] DEBUG org.springframework.test.context.support.AbstractContextLoader - Did not detect default resource location for test class [com.java.controller.CustomerControllerTest]: class path resource [com/java/controller/CustomerControllerTestContext.groovy] does not exist
21:45:05.583 [Test worker] INFO org.springframework.test.context.support.AbstractContextLoader - Could not detect default resource locations for test class [com.java.controller.CustomerControllerTest]: no resource found for suffixes {-context.xml, Context.groovy}.
21:45:05.583 [Test worker] INFO org.springframework.test.context.support.AnnotationConfigContextLoaderUtils - Could not detect default configuration classes for test class [com.java.controller.CustomerControllerTest]: CustomerControllerTest does not declare any static, non-private, non-final, nested classes annotated with @Configuration.
21:45:05.654 [Test worker] DEBUG org.springframework.test.context.support.ActiveProfilesUtils - Could not find an 'annotation declaring class' for annotation type [org.springframework.test.context.ActiveProfiles] and class [com.java.controller.CustomerControllerTest]
21:45:05.732 [Test worker] DEBUG org.springframework.context.annotation.ClassPathScanningCandidateComponentProvider - Identified candidate component class: file [/Users/harinathk/java-dev/DBS/Customer-journey/build/classes/java/test/com/java/TestingCustomerJourneyApp.class]
21:45:05.733 [Test worker] INFO org.springframework.boot.test.context.SpringBootTestContextBootstrapper - Found @SpringBootConfiguration com.java.TestingCustomerJourneyApp for test class com.java.controller.CustomerControllerTest
21:45:05.736 [Test worker] DEBUG org.springframework.boot.test.autoconfigure.web.servlet.WebMvcTestContextBootstrapper - @TestExecutionListeners is not present for class [com.java.controller.CustomerControllerTest]: using defaults.
21:45:05.737 [Test worker] INFO org.springframework.boot.test.autoconfigure.web.servlet.WebMvcTestContextBootstrapper - Loaded default TestExecutionListener class names from location [META-INF/spring.factories]: [org.springframework.boot.test.autoconfigure.restdocs.RestDocsTestExecutionListener, org.springframework.boot.test.autoconfigure.web.client.MockRestServiceServerResetTestExecutionListener, org.springframework.boot.test.autoconfigure.web.servlet.MockMvcPrintOnlyOnFailureTestExecutionListener, org.springframework.boot.test.autoconfigure.web.servlet.WebDriverTestExecutionListener, org.springframework.boot.test.mock.mockito.MockitoTestExecutionListener, org.springframework.boot.test.mock.mockito.ResetMocksTestExecutionListener, org.springframework.test.context.web.ServletTestExecutionListener, org.springframework.test.context.support.DirtiesContextBeforeModesTestExecutionListener, org.springframework.test.context.support.DependencyInjectionTestExecutionListener, org.springframework.test.context.support.DirtiesContextTestExecutionListener, org.springframework.test.context.transaction.TransactionalTestExecutionListener, org.springframework.test.context.jdbc.SqlScriptsTestExecutionListener]
21:45:05.762 [Test worker] INFO org.springframework.boot.test.autoconfigure.web.servlet.WebMvcTestContextBootstrapper - Using TestExecutionListeners: [org.springframework.test.context.web.ServletTestExecutionListener@549f2c65, org.springframework.test.context.support.DirtiesContextBeforeModesTestExecutionListener@4a8c08e9, org.springframework.boot.test.mock.mockito.MockitoTestExecutionListener@3a1e8c54, org.springframework.boot.test.autoconfigure.SpringBootDependencyInjectionTestExecutionListener@23369721, org.springframework.test.context.support.DirtiesContextTestExecutionListener@ee77b26, org.springframework.test.context.transaction.TransactionalTestExecutionListener@2406e153, org.springframework.test.context.jdbc.SqlScriptsTestExecutionListener@6ab4a5ab, org.springframework.boot.test.autoconfigure.restdocs.RestDocsTestExecutionListener@7d2cb843, org.springframework.boot.test.autoconfigure.web.client.MockRestServiceServerResetTestExecutionListener@48a7c28b, org.springframework.boot.test.autoconfigure.web.servlet.MockMvcPrintOnlyOnFailureTestExecutionListener@5b38aeb5, org.springframework.boot.test.autoconfigure.web.servlet.WebDriverTestExecutionListener@146ec184, org.springframework.boot.test.mock.mockito.ResetMocksTestExecutionListener@c989dea]
21:45:05.766 [Test worker] DEBUG org.springframework.test.context.support.AbstractDirtiesContextTestExecutionListener - Before test class: context [DefaultTestContext@7dc23e57 testClass = CustomerControllerTest, testInstance = [null], testMethod = [null], testException = [null], mergedContextConfiguration = [WebMergedContextConfiguration@3ecc4c04 testClass = CustomerControllerTest, locations = '{}', classes = '{class com.java.TestingCustomerJourneyApp}', contextInitializerClasses = '[]', activeProfiles = '{}', propertySourceLocations = '{}', propertySourceProperties = '{org.springframework.boot.test.autoconfigure.web.servlet.WebMvcTestContextBootstrapper=true}', contextCustomizers = set[org.springframework.boot.test.autoconfigure.OverrideAutoConfigurationContextCustomizerFactory$DisableAutoConfigurationContextCustomizer@4f3a3338, org.springframework.boot.test.autoconfigure.filter.TypeExcludeFiltersContextCustomizer@99ea993d, org.springframework.boot.test.autoconfigure.properties.PropertyMappingContextCustomizer@f58b238b, org.springframework.boot.test.autoconfigure.web.servlet.WebDriverContextCustomizerFactory$Customizer@576c46ed, [ImportsContextCustomizer@4b506389 key = [org.springframework.boot.autoconfigure.cache.CacheAutoConfiguration, org.springframework.boot.autoconfigure.context.MessageSourceAutoConfiguration, org.springframework.boot.autoconfigure.data.web.SpringDataWebAutoConfiguration, org.springframework.boot.autoconfigure.freemarker.FreeMarkerAutoConfiguration, org.springframework.boot.autoconfigure.groovy.template.GroovyTemplateAutoConfiguration, org.springframework.boot.autoconfigure.gson.GsonAutoConfiguration, org.springframework.boot.autoconfigure.hateoas.HypermediaAutoConfiguration, org.springframework.boot.autoconfigure.http.HttpMessageConvertersAutoConfiguration, org.springframework.boot.autoconfigure.jackson.JacksonAutoConfiguration, org.springframework.boot.autoconfigure.jsonb.JsonbAutoConfiguration, org.springframework.boot.autoconfigure.mustache.MustacheAutoConfiguration, org.springframework.boot.autoconfigure.task.TaskExecutionAutoConfiguration, org.springframework.boot.autoconfigure.thymeleaf.ThymeleafAutoConfiguration, org.springframework.boot.autoconfigure.validation.ValidationAutoConfiguration, org.springframework.boot.autoconfigure.web.servlet.error.ErrorMvcAutoConfiguration, org.springframework.boot.autoconfigure.web.servlet.WebMvcAutoConfiguration, org.springframework.boot.test.autoconfigure.web.servlet.MockMvcAutoConfiguration, org.springframework.boot.test.autoconfigure.web.servlet.MockMvcSecurityAutoConfiguration, org.springframework.boot.test.autoconfigure.web.servlet.MockMvcWebClientAutoConfiguration, org.springframework.boot.test.autoconfigure.web.servlet.MockMvcWebDriverAutoConfiguration]], org.springframework.boot.test.context.filter.ExcludeFilterContextCustomizer@78813271, org.springframework.boot.test.json.DuplicateJsonObjectContextCustomizerFactory$DuplicateJsonObjectContextCustomizer@5746bd8e, org.springframework.boot.test.mock.mockito.MockitoContextCustomizer@3f774b73], resourceBasePath = 'src/main/webapp', contextLoader = 'org.springframework.boot.test.context.SpringBootContextLoader', parent = [null]], attributes = map[[empty]]], class annotated with @DirtiesContext [false] with mode [null].
21:45:05.871 [Test worker] DEBUG org.springframework.test.context.support.TestPropertySourceUtils - Adding inlined properties to environment: {spring.jmx.enabled=false, org.springframework.boot.test.autoconfigure.web.servlet.WebMvcTestContextBootstrapper=true, server.port=-1}

  .   ____          _            __ _ _
 /\\ / ___'_ __ _ _(_)_ __  __ _ \ \ \ \
( ( )\___ | '_ | '_| | '_ \/ _` | \ \ \ \
 \\/  ___)| |_)| | | | | || (_| |  ) ) ) )
  '  |____| .__|_| |_|_| |_\__, | / / / /
 =========|_|==============|___/=/_/_/_/
 :: Spring Boot ::        (v2.1.6.RELEASE)

2020-02-03 21:45:06.220  INFO 82239 --- [    Test worker] c.j.controller.CustomerControllerTest    : Starting CustomerControllerTest on Harinaths-MBP with PID 82239 (started by harinathk in /Users/harinathk/java-dev/DBS/Customer-journey)
2020-02-03 21:45:06.223  INFO 82239 --- [    Test worker] c.j.controller.CustomerControllerTest    : No active profile set, falling back to default profiles: default
2020-02-03 21:45:08.099  INFO 82239 --- [    Test worker] o.s.s.concurrent.ThreadPoolTaskExecutor  : Initializing ExecutorService 'applicationTaskExecutor'
2020-02-03 21:45:08.415  INFO 82239 --- [    Test worker] o.s.b.t.m.w.SpringBootMockServletContext : Initializing Spring TestDispatcherServlet ''
2020-02-03 21:45:08.415  INFO 82239 --- [    Test worker] o.s.t.web.servlet.TestDispatcherServlet  : Initializing Servlet ''
2020-02-03 21:45:08.434  INFO 82239 --- [    Test worker] o.s.t.web.servlet.TestDispatcherServlet  : Completed initialization in 18 ms
2020-02-03 21:45:08.480  INFO 82239 --- [    Test worker] c.j.controller.CustomerControllerTest    : Started CustomerControllerTest in 2.599 seconds (JVM running for 3.767)
Customer[id=1, firstName='John', lastName='Smith']
]]></system-out>
  <system-err><![CDATA[]]></system-err>
</testsuite>
