<?xml version="1.0" encoding="UTF-8"?>
<testsuite name="com.customer.journey.service.CustomerRepoServiceTest" tests="8" skipped="0" failures="0" errors="0" timestamp="2021-06-21T02:24:11" hostname="DESKTOP-OK1QKNE" time="0.091">
  <properties/>
  <testcase name="sanity_check_with_list_All_customers()" classname="com.customer.journey.service.CustomerRepoServiceTest" time="0.013"/>
  <testcase name="sanity_check_with_find_by_customer_id_1()" classname="com.customer.journey.service.CustomerRepoServiceTest" time="0.008"/>
  <testcase name="sanity_check_with_create_customer_1()" classname="com.customer.journey.service.CustomerRepoServiceTest" time="0.009"/>
  <testcase name="sanity_check_with_delete_customer_1()" classname="com.customer.journey.service.CustomerRepoServiceTest" time="0.009"/>
  <testcase name="sanity_check_with_update_customer_1()" classname="com.customer.journey.service.CustomerRepoServiceTest" time="0.008"/>
  <testcase name="thrw_customer_not_found_by_id_1()" classname="com.customer.journey.service.CustomerRepoServiceTest" time="0.024"/>
  <testcase name="thrw_customer_update_failure_1()" classname="com.customer.journey.service.CustomerRepoServiceTest" time="0.007"/>
  <testcase name="thrw_customer_delete_failure_1()" classname="com.customer.journey.service.CustomerRepoServiceTest" time="0.007"/>
  <system-out><![CDATA[
  .   ____          _            __ _ _
 /\\ / ___'_ __ _ _(_)_ __  __ _ \ \ \ \
( ( )\___ | '_ | '_| | '_ \/ _` | \ \ \ \
 \\/  ___)| |_)| | | | | || (_| |  ) ) ) )
  '  |____| .__|_| |_|_| |_\__, | / / / /
 =========|_|==============|___/=/_/_/_/
 :: Spring Boot ::                (v2.5.1)

2021-06-21 10:24:09.823  INFO 3492 --- [    Test worker] c.c.j.service.CustomerRepoServiceTest    : Starting CustomerRepoServiceTest using Java 1.8.0_291 on DESKTOP-OK1QKNE with PID 3492 (started by Jhonson in C:\Users\Jhonson\Desktop\Project\GitHub\javaTest\level3\Customer-journey)
2021-06-21 10:24:09.824 DEBUG 3492 --- [    Test worker] c.c.j.service.CustomerRepoServiceTest    : Running with Spring Boot v2.5.1, Spring v5.3.8
2021-06-21 10:24:09.824  INFO 3492 --- [    Test worker] c.c.j.service.CustomerRepoServiceTest    : No active profile set, falling back to default profiles: default
2021-06-21 10:24:10.374  INFO 3492 --- [    Test worker] com.zaxxer.hikari.HikariDataSource       : HikariPool-2 - Starting...
2021-06-21 10:24:10.375  INFO 3492 --- [    Test worker] com.zaxxer.hikari.HikariDataSource       : HikariPool-2 - Start completed.
Hibernate: 
    
    drop table if exists customer CASCADE 
Hibernate: 
    
    create table customer (
       id bigint generated by default as identity,
        first_name varchar(255),
        last_name varchar(255),
        primary key (id)
    )
2021-06-21 10:24:11.441  INFO 3492 --- [    Test worker] c.c.j.service.CustomerRepoServiceTest    : Started CustomerRepoServiceTest in 1.651 seconds (JVM running for 13.224)
Hibernate: 
    /* select
        generatedAlias0 
    from
        Customer as generatedAlias0 */ select
            customer0_.id as id1_0_,
            customer0_.first_name as first_na2_0_,
            customer0_.last_name as last_nam3_0_ 
        from
            customer customer0_
Hibernate: 
    select
        customer0_.id as id1_0_0_,
        customer0_.first_name as first_na2_0_0_,
        customer0_.last_name as last_nam3_0_0_ 
    from
        customer customer0_ 
    where
        customer0_.id=?
Hibernate: 
    /* insert com.customer.journey.domain.Customer
        */ insert 
        into
            customer
            (id, first_name, last_name) 
        values
            (null, ?, ?)
Hibernate: 
    select
        customer0_.id as id1_0_0_,
        customer0_.first_name as first_na2_0_0_,
        customer0_.last_name as last_nam3_0_0_ 
    from
        customer customer0_ 
    where
        customer0_.id=?
Hibernate: 
    /* delete com.customer.journey.domain.Customer */ delete 
        from
            customer 
        where
            id=?
Hibernate: 
    select
        customer0_.id as id1_0_0_,
        customer0_.first_name as first_na2_0_0_,
        customer0_.last_name as last_nam3_0_0_ 
    from
        customer customer0_ 
    where
        customer0_.id=?
Hibernate: 
    select
        customer0_.id as id1_0_0_,
        customer0_.first_name as first_na2_0_0_,
        customer0_.last_name as last_nam3_0_0_ 
    from
        customer customer0_ 
    where
        customer0_.id=?
Hibernate: 
    select
        customer0_.id as id1_0_0_,
        customer0_.first_name as first_na2_0_0_,
        customer0_.last_name as last_nam3_0_0_ 
    from
        customer customer0_ 
    where
        customer0_.id=?
Hibernate: 
    select
        customer0_.id as id1_0_0_,
        customer0_.first_name as first_na2_0_0_,
        customer0_.last_name as last_nam3_0_0_ 
    from
        customer customer0_ 
    where
        customer0_.id=?
]]></system-out>
  <system-err><![CDATA[]]></system-err>
</testsuite>
