<?xml version="1.0" encoding="UTF-8"?>
<testsuite name="com.customer.journey.controller.CustomerControllerTest" tests="22" skipped="0" failures="0" errors="0" timestamp="2021-06-21T02:24:09" hostname="DESKTOP-OK1QKNE" time="0.439">
  <properties/>
  <testcase name="sanity_check_with_list_All_customers()" classname="com.customer.journey.controller.CustomerControllerTest" time="0.012"/>
  <testcase name="sanity_check_with_find_by_customer_id_1()" classname="com.customer.journey.controller.CustomerControllerTest" time="0.011"/>
  <testcase name="sanity_check_with_find_by_customer_id_2()" classname="com.customer.journey.controller.CustomerControllerTest" time="0.011"/>
  <testcase name="sanity_check_with_create_customer_1()" classname="com.customer.journey.controller.CustomerControllerTest" time="0.116"/>
  <testcase name="sanity_check_with_create_All_customers_1()" classname="com.customer.journey.controller.CustomerControllerTest" time="0.018"/>
  <testcase name="sanity_check_with_update_customer_1()" classname="com.customer.journey.controller.CustomerControllerTest" time="0.028"/>
  <testcase name="sanity_check_with_update_All_customer_1()" classname="com.customer.journey.controller.CustomerControllerTest" time="0.083"/>
  <testcase name="sanity_check_with_delete_customer_1()" classname="com.customer.journey.controller.CustomerControllerTest" time="0.02"/>
  <testcase name="sanity_check_with_delete_All_customer_1()" classname="com.customer.journey.controller.CustomerControllerTest" time="0.012"/>
  <testcase name="ctr_thrw_customer_not_found_by_id_1()" classname="com.customer.journey.controller.CustomerControllerTest" time="0.013"/>
  <testcase name="ctr_thrw_update_customer_failure_1()" classname="com.customer.journey.controller.CustomerControllerTest" time="0.009"/>
  <testcase name="ctr_thrw_delete_customer_failure_1()" classname="com.customer.journey.controller.CustomerControllerTest" time="0.007"/>
  <testcase name="thrw_constraint_for_invalid_customer_id_1()" classname="com.customer.journey.controller.CustomerControllerTest" time="0.019"/>
  <testcase name="thrw_constraint_for_invalid_customer_create_data_1()" classname="com.customer.journey.controller.CustomerControllerTest" time="0.007"/>
  <testcase name="thrw_constraint_for_invalid_customer_create_data_2()" classname="com.customer.journey.controller.CustomerControllerTest" time="0.006"/>
  <testcase name="thrw_constraint_for_invalid_customer_create_data_3()" classname="com.customer.journey.controller.CustomerControllerTest" time="0.006"/>
  <testcase name="thrw_constraint_for_invalid_customer_update_data_1()" classname="com.customer.journey.controller.CustomerControllerTest" time="0.006"/>
  <testcase name="thrw_constraint_for_invalid_customer_update_data_2()" classname="com.customer.journey.controller.CustomerControllerTest" time="0.008"/>
  <testcase name="thrw_constraint_for_invalid_customer_update_data_3()" classname="com.customer.journey.controller.CustomerControllerTest" time="0.007"/>
  <testcase name="thrw_constraint_for_invalid_customer_delete_data_1()" classname="com.customer.journey.controller.CustomerControllerTest" time="0.006"/>
  <testcase name="thrw_constraint_for_invalid_customer_delete_data_2()" classname="com.customer.journey.controller.CustomerControllerTest" time="0.009"/>
  <testcase name="thrw_constraint_for_invalid_customer_delete_data_3()" classname="com.customer.journey.controller.CustomerControllerTest" time="0.008"/>
  <system-out><![CDATA[2021-06-21 10:24:09.340  INFO 3492 --- [    Test worker] c.c.journey.advice.ApplicationAdvice     : ApplicationAdvice :: Invoking Method :: 'getAllCustomer' Starts
Hibernate: 
    /* select
        generatedAlias0 
    from
        Customer as generatedAlias0 */ select
            customer0_.id as id1_0_,
            customer0_.first_name as first_na2_0_,
            customer0_.last_name as last_nam3_0_ 
        from
            customer customer0_
2021-06-21 10:24:09.342  INFO 3492 --- [    Test worker] c.c.journey.advice.ApplicationAdvice     : ApplicationAdvice :: The Method :: 'getAllCustomer' has returned :: <200 OK OK,[Customer[id=1, firstName='Shiva', lastName='MURUGAN'], Customer[id=2, firstName='Lee Cher', lastName='LENG'], Customer[id=3, firstName='David', lastName='JOHN'], Customer[id=4, firstName='Junhao', lastName='XIANYONG'], Customer[id=5, firstName='Lee', lastName='TAN'], Customer[id=6, firstName='Guoyao', lastName='WEIMING'], Customer[id=7, firstName='Jhon', lastName='PAUL'], Customer[id=8, firstName='Kumar', lastName='SENTHIL'], Customer[id=9, firstName='Bala', lastName='GANESH'], Customer[id=10, firstName='God', lastName='WIN']],[]>
2021-06-21 10:24:09.343  INFO 3492 --- [    Test worker] c.c.journey.advice.ApplicationAdvice     : ApplicationAdvice :: Invoking Method :: 'getAllCustomer' Ends
2021-06-21 10:24:09.343  INFO 3492 --- [    Test worker] c.c.journey.advice.ApplicationAdvice     : ApplicationAdvice :: The Method :: 'getAllCustomer' has been Executed in 2ms

MockHttpServletRequest:
      HTTP Method = GET
      Request URI = /customer/listAllCustomers
       Parameters = {}
          Headers = []
             Body = null
    Session Attrs = {}

Handler:
             Type = com.customer.journey.controller.CustomerController
           Method = com.customer.journey.controller.CustomerController#getAllCustomer()

Async:
    Async started = false
     Async result = null

Resolved Exception:
             Type = null

ModelAndView:
        View name = null
             View = null
            Model = null

FlashMap:
       Attributes = null

MockHttpServletResponse:
           Status = 200
    Error message = null
          Headers = [Content-Type:"application/json"]
     Content type = application/json
             Body = [{"id":1,"firstName":"Shiva","lastName":"MURUGAN"},{"id":2,"firstName":"Lee Cher","lastName":"LENG"},{"id":3,"firstName":"David","lastName":"JOHN"},{"id":4,"firstName":"Junhao","lastName":"XIANYONG"},{"id":5,"firstName":"Lee","lastName":"TAN"},{"id":6,"firstName":"Guoyao","lastName":"WEIMING"},{"id":7,"firstName":"Jhon","lastName":"PAUL"},{"id":8,"firstName":"Kumar","lastName":"SENTHIL"},{"id":9,"firstName":"Bala","lastName":"GANESH"},{"id":10,"firstName":"God","lastName":"WIN"}]
    Forwarded URL = null
   Redirected URL = null
          Cookies = []
2021-06-21 10:24:09.353  INFO 3492 --- [    Test worker] c.c.journey.advice.ApplicationAdvice     : ApplicationAdvice :: Invoking Method :: 'getCustomerById' Starts
Hibernate: 
    select
        customer0_.id as id1_0_0_,
        customer0_.first_name as first_na2_0_0_,
        customer0_.last_name as last_nam3_0_0_ 
    from
        customer customer0_ 
    where
        customer0_.id=?
2021-06-21 10:24:09.355  INFO 3492 --- [    Test worker] c.c.journey.advice.ApplicationAdvice     : ApplicationAdvice :: The Method :: 'getCustomerById' has returned :: <200 OK OK,Customer[id=3, firstName='David', lastName='JOHN'],[]>
2021-06-21 10:24:09.355  INFO 3492 --- [    Test worker] c.c.journey.advice.ApplicationAdvice     : ApplicationAdvice :: Invoking Method :: 'getCustomerById' Ends
2021-06-21 10:24:09.356  INFO 3492 --- [    Test worker] c.c.journey.advice.ApplicationAdvice     : ApplicationAdvice :: The Method :: 'getCustomerById' has been Executed in 2ms

MockHttpServletRequest:
      HTTP Method = GET
      Request URI = /customer/findById/3
       Parameters = {}
          Headers = []
             Body = null
    Session Attrs = {}

Handler:
             Type = com.customer.journey.controller.CustomerController
           Method = com.customer.journey.controller.CustomerController#getCustomerById(String)

Async:
    Async started = false
     Async result = null

Resolved Exception:
             Type = null

ModelAndView:
        View name = null
             View = null
            Model = null

FlashMap:
       Attributes = null

MockHttpServletResponse:
           Status = 200
    Error message = null
          Headers = [Content-Type:"application/json"]
     Content type = application/json
             Body = {"id":3,"firstName":"David","lastName":"JOHN"}
    Forwarded URL = null
   Redirected URL = null
          Cookies = []
2021-06-21 10:24:09.365  INFO 3492 --- [    Test worker] c.c.journey.advice.ApplicationAdvice     : ApplicationAdvice :: Invoking Method :: 'getCustomerById' Starts
Hibernate: 
    select
        customer0_.id as id1_0_0_,
        customer0_.first_name as first_na2_0_0_,
        customer0_.last_name as last_nam3_0_0_ 
    from
        customer customer0_ 
    where
        customer0_.id=?
2021-06-21 10:24:09.367  INFO 3492 --- [    Test worker] c.c.journey.advice.ApplicationAdvice     : ApplicationAdvice :: The Method :: 'getCustomerById' has returned :: <200 OK OK,Customer[id=8, firstName='Kumar', lastName='SENTHIL'],[]>
2021-06-21 10:24:09.367  INFO 3492 --- [    Test worker] c.c.journey.advice.ApplicationAdvice     : ApplicationAdvice :: Invoking Method :: 'getCustomerById' Ends
2021-06-21 10:24:09.368  INFO 3492 --- [    Test worker] c.c.journey.advice.ApplicationAdvice     : ApplicationAdvice :: The Method :: 'getCustomerById' has been Executed in 2ms

MockHttpServletRequest:
      HTTP Method = GET
      Request URI = /customer/findById/8
       Parameters = {}
          Headers = []
             Body = null
    Session Attrs = {}

Handler:
             Type = com.customer.journey.controller.CustomerController
           Method = com.customer.journey.controller.CustomerController#getCustomerById(String)

Async:
    Async started = false
     Async result = null

Resolved Exception:
             Type = null

ModelAndView:
        View name = null
             View = null
            Model = null

FlashMap:
       Attributes = null

MockHttpServletResponse:
           Status = 200
    Error message = null
          Headers = [Content-Type:"application/json"]
     Content type = application/json
             Body = {"id":8,"firstName":"Kumar","lastName":"SENTHIL"}
    Forwarded URL = null
   Redirected URL = null
          Cookies = []
2021-06-21 10:24:09.435  INFO 3492 --- [    Test worker] c.c.journey.advice.ApplicationAdvice     : ApplicationAdvice :: Invoking Method :: 'initMerchantOnlyBinder' Starts
2021-06-21 10:24:09.435  INFO 3492 --- [    Test worker] c.c.journey.advice.ApplicationAdvice     : ApplicationAdvice :: The Method :: 'initMerchantOnlyBinder' has returned :: null
2021-06-21 10:24:09.435  INFO 3492 --- [    Test worker] c.c.journey.advice.ApplicationAdvice     : ApplicationAdvice :: Invoking Method :: 'initMerchantOnlyBinder' Ends
2021-06-21 10:24:09.435  INFO 3492 --- [    Test worker] c.c.journey.advice.ApplicationAdvice     : ApplicationAdvice :: The Method :: 'initMerchantOnlyBinder' has been Executed in 0ms
2021-06-21 10:24:09.441  INFO 3492 --- [    Test worker] c.c.journey.advice.ApplicationAdvice     : ApplicationAdvice :: Invoking Method :: 'createCustomer' Starts
Hibernate: 
    /* insert com.customer.journey.domain.Customer
        */ insert 
        into
            customer
            (id, first_name, last_name) 
        values
            (null, ?, ?)
2021-06-21 10:24:09.485  INFO 3492 --- [    Test worker] c.c.journey.advice.ApplicationAdvice     : ApplicationAdvice :: The Method :: 'createCustomer' has returned :: <201 CREATED Created,Customer[id=11, firstName='Dan', lastName='Wall'],[]>
2021-06-21 10:24:09.485  INFO 3492 --- [    Test worker] c.c.journey.advice.ApplicationAdvice     : ApplicationAdvice :: Invoking Method :: 'createCustomer' Ends
2021-06-21 10:24:09.485  INFO 3492 --- [    Test worker] c.c.journey.advice.ApplicationAdvice     : ApplicationAdvice :: The Method :: 'createCustomer' has been Executed in 44ms
2021-06-21 10:24:09.497  INFO 3492 --- [    Test worker] c.c.journey.advice.ApplicationAdvice     : ApplicationAdvice :: Invoking Method :: 'createAllCustomer' Starts
Hibernate: 
    /* insert com.customer.journey.domain.Customer
        */ insert 
        into
            customer
            (id, first_name, last_name) 
        values
            (null, ?, ?)
Hibernate: 
    /* insert com.customer.journey.domain.Customer
        */ insert 
        into
            customer
            (id, first_name, last_name) 
        values
            (null, ?, ?)
Hibernate: 
    /* insert com.customer.journey.domain.Customer
        */ insert 
        into
            customer
            (id, first_name, last_name) 
        values
            (null, ?, ?)
2021-06-21 10:24:09.504  INFO 3492 --- [    Test worker] c.c.journey.advice.ApplicationAdvice     : ApplicationAdvice :: The Method :: 'createAllCustomer' has returned :: <201 CREATED Created,[Customer[id=12, firstName='Danny1', lastName='Walker1'], Customer[id=13, firstName='Danny2', lastName='Walker2'], Customer[id=14, firstName='Danny3', lastName='Walker3']],[]>
2021-06-21 10:24:09.504  INFO 3492 --- [    Test worker] c.c.journey.advice.ApplicationAdvice     : ApplicationAdvice :: Invoking Method :: 'createAllCustomer' Ends
2021-06-21 10:24:09.504  INFO 3492 --- [    Test worker] c.c.journey.advice.ApplicationAdvice     : ApplicationAdvice :: The Method :: 'createAllCustomer' has been Executed in 7ms
2021-06-21 10:24:09.514  INFO 3492 --- [    Test worker] c.c.journey.advice.ApplicationAdvice     : ApplicationAdvice :: Invoking Method :: 'initMerchantOnlyBinder' Starts
2021-06-21 10:24:09.515  INFO 3492 --- [    Test worker] c.c.journey.advice.ApplicationAdvice     : ApplicationAdvice :: The Method :: 'initMerchantOnlyBinder' has returned :: null
2021-06-21 10:24:09.515  INFO 3492 --- [    Test worker] c.c.journey.advice.ApplicationAdvice     : ApplicationAdvice :: Invoking Method :: 'initMerchantOnlyBinder' Ends
2021-06-21 10:24:09.516  INFO 3492 --- [    Test worker] c.c.journey.advice.ApplicationAdvice     : ApplicationAdvice :: The Method :: 'initMerchantOnlyBinder' has been Executed in 0ms
2021-06-21 10:24:09.516  INFO 3492 --- [    Test worker] c.c.journey.advice.ApplicationAdvice     : ApplicationAdvice :: Invoking Method :: 'updateCustomer' Starts
Hibernate: 
    select
        customer0_.id as id1_0_0_,
        customer0_.first_name as first_na2_0_0_,
        customer0_.last_name as last_nam3_0_0_ 
    from
        customer customer0_ 
    where
        customer0_.id=?
Hibernate: 
    /* update
        com.customer.journey.domain.Customer */ update
            customer 
        set
            first_name=?,
            last_name=? 
        where
            id=?
2021-06-21 10:24:09.534  INFO 3492 --- [    Test worker] c.c.journey.advice.ApplicationAdvice     : ApplicationAdvice :: The Method :: 'updateCustomer' has returned :: <201 CREATED Created,Customer[id=2, firstName='Tony', lastName='Greg'],[]>
2021-06-21 10:24:09.535  INFO 3492 --- [    Test worker] c.c.journey.advice.ApplicationAdvice     : ApplicationAdvice :: Invoking Method :: 'updateCustomer' Ends
2021-06-21 10:24:09.535  INFO 3492 --- [    Test worker] c.c.journey.advice.ApplicationAdvice     : ApplicationAdvice :: The Method :: 'updateCustomer' has been Executed in 19ms
2021-06-21 10:24:09.567  INFO 3492 --- [    Test worker] c.c.journey.advice.ApplicationAdvice     : ApplicationAdvice :: Invoking Method :: 'updateAllCustomer' Starts
Hibernate: 
    select
        customer0_.id as id1_0_0_,
        customer0_.first_name as first_na2_0_0_,
        customer0_.last_name as last_nam3_0_0_ 
    from
        customer customer0_ 
    where
        customer0_.id=?
Hibernate: 
    select
        customer0_.id as id1_0_0_,
        customer0_.first_name as first_na2_0_0_,
        customer0_.last_name as last_nam3_0_0_ 
    from
        customer customer0_ 
    where
        customer0_.id=?
Hibernate: 
    select
        customer0_.id as id1_0_0_,
        customer0_.first_name as first_na2_0_0_,
        customer0_.last_name as last_nam3_0_0_ 
    from
        customer customer0_ 
    where
        customer0_.id=?
Hibernate: 
    /* update
        com.customer.journey.domain.Customer */ update
            customer 
        set
            first_name=?,
            last_name=? 
        where
            id=?
Hibernate: 
    /* update
        com.customer.journey.domain.Customer */ update
            customer 
        set
            first_name=?,
            last_name=? 
        where
            id=?
Hibernate: 
    /* update
        com.customer.journey.domain.Customer */ update
            customer 
        set
            first_name=?,
            last_name=? 
        where
            id=?
2021-06-21 10:24:09.617  INFO 3492 --- [    Test worker] c.c.journey.advice.ApplicationAdvice     : ApplicationAdvice :: The Method :: 'updateAllCustomer' has returned :: <201 CREATED Created,[Customer[id=3, firstName='Thomas1', lastName='Alexsandra1'], Customer[id=4, firstName='Thomas2', lastName='Alexsandra2'], Customer[id=5, firstName='Thomas3', lastName='Alexsandra3']],[]>
2021-06-21 10:24:09.617  INFO 3492 --- [    Test worker] c.c.journey.advice.ApplicationAdvice     : ApplicationAdvice :: Invoking Method :: 'updateAllCustomer' Ends
2021-06-21 10:24:09.617  INFO 3492 --- [    Test worker] c.c.journey.advice.ApplicationAdvice     : ApplicationAdvice :: The Method :: 'updateAllCustomer' has been Executed in 50ms
2021-06-21 10:24:09.626  INFO 3492 --- [    Test worker] c.c.journey.advice.ApplicationAdvice     : ApplicationAdvice :: Invoking Method :: 'initMerchantOnlyBinder' Starts
2021-06-21 10:24:09.627  INFO 3492 --- [    Test worker] c.c.journey.advice.ApplicationAdvice     : ApplicationAdvice :: The Method :: 'initMerchantOnlyBinder' has returned :: null
2021-06-21 10:24:09.627  INFO 3492 --- [    Test worker] c.c.journey.advice.ApplicationAdvice     : ApplicationAdvice :: Invoking Method :: 'initMerchantOnlyBinder' Ends
2021-06-21 10:24:09.627  INFO 3492 --- [    Test worker] c.c.journey.advice.ApplicationAdvice     : ApplicationAdvice :: The Method :: 'initMerchantOnlyBinder' has been Executed in 1ms
2021-06-21 10:24:09.627  INFO 3492 --- [    Test worker] c.c.journey.advice.ApplicationAdvice     : ApplicationAdvice :: Invoking Method :: 'deleteCustomer' Starts
Hibernate: 
    select
        customer0_.id as id1_0_0_,
        customer0_.first_name as first_na2_0_0_,
        customer0_.last_name as last_nam3_0_0_ 
    from
        customer customer0_ 
    where
        customer0_.id=?
Hibernate: 
    /* delete com.customer.journey.domain.Customer */ delete 
        from
            customer 
        where
            id=?
2021-06-21 10:24:09.640  INFO 3492 --- [    Test worker] c.c.journey.advice.ApplicationAdvice     : ApplicationAdvice :: The Method :: 'deleteCustomer' has returned :: <201 CREATED Created,Customer[id=3, firstName='David', lastName='JOHN'],[]>
2021-06-21 10:24:09.640  INFO 3492 --- [    Test worker] c.c.journey.advice.ApplicationAdvice     : ApplicationAdvice :: Invoking Method :: 'deleteCustomer' Ends
2021-06-21 10:24:09.640  INFO 3492 --- [    Test worker] c.c.journey.advice.ApplicationAdvice     : ApplicationAdvice :: The Method :: 'deleteCustomer' has been Executed in 13ms
2021-06-21 10:24:09.647  INFO 3492 --- [    Test worker] c.c.journey.advice.ApplicationAdvice     : ApplicationAdvice :: Invoking Method :: 'deleteAllCustomer' Starts
Hibernate: 
    select
        customer0_.id as id1_0_0_,
        customer0_.first_name as first_na2_0_0_,
        customer0_.last_name as last_nam3_0_0_ 
    from
        customer customer0_ 
    where
        customer0_.id=?
Hibernate: 
    select
        customer0_.id as id1_0_0_,
        customer0_.first_name as first_na2_0_0_,
        customer0_.last_name as last_nam3_0_0_ 
    from
        customer customer0_ 
    where
        customer0_.id=?
Hibernate: 
    /* delete com.customer.journey.domain.Customer */ delete 
        from
            customer 
        where
            id=?
Hibernate: 
    /* delete com.customer.journey.domain.Customer */ delete 
        from
            customer 
        where
            id=?
2021-06-21 10:24:09.653  INFO 3492 --- [    Test worker] c.c.journey.advice.ApplicationAdvice     : ApplicationAdvice :: The Method :: 'deleteAllCustomer' has returned :: <201 CREATED Created,[Customer[id=4, firstName='Junhao', lastName='XIANYONG'], Customer[id=5, firstName='Lee', lastName='TAN']],[]>
2021-06-21 10:24:09.653  INFO 3492 --- [    Test worker] c.c.journey.advice.ApplicationAdvice     : ApplicationAdvice :: Invoking Method :: 'deleteAllCustomer' Ends
2021-06-21 10:24:09.653  INFO 3492 --- [    Test worker] c.c.journey.advice.ApplicationAdvice     : ApplicationAdvice :: The Method :: 'deleteAllCustomer' has been Executed in 6ms
2021-06-21 10:24:09.659  INFO 3492 --- [    Test worker] c.c.journey.advice.ApplicationAdvice     : ApplicationAdvice :: Invoking Method :: 'getCustomerById' Starts
Hibernate: 
    select
        customer0_.id as id1_0_0_,
        customer0_.first_name as first_na2_0_0_,
        customer0_.last_name as last_nam3_0_0_ 
    from
        customer customer0_ 
    where
        customer0_.id=?
2021-06-21 10:24:09.661 ERROR 3492 --- [    Test worker] c.c.journey.advice.ApplicationAdvice     : ApplicationAdvice :: The Method :: 'getCustomerById has ended up with exception :: customer.not.found

MockHttpServletRequest:
      HTTP Method = GET
      Request URI = /customer/findById/30
       Parameters = {}
          Headers = []
             Body = null
    Session Attrs = {}

Handler:
             Type = com.customer.journey.controller.CustomerController
           Method = com.customer.journey.controller.CustomerController#getCustomerById(String)

Async:
    Async started = false
     Async result = null

Resolved Exception:
             Type = com.customer.journey.exception.ApplicationException

ModelAndView:
        View name = null
             View = null
            Model = null

FlashMap:
       Attributes = null

MockHttpServletResponse:
           Status = 404
    Error message = null
          Headers = [Content-Type:"application/json"]
     Content type = application/json
             Body = {"errTimestamp":"2021-06-21 10:24:09","errMessage":"Customer Not Found","errDetail":"Please correct your input data and re-submit the message","errUri":"/customer/findById/30"}
    Forwarded URL = null
   Redirected URL = null
          Cookies = []
2021-06-21 10:24:09.673  INFO 3492 --- [    Test worker] c.c.journey.advice.ApplicationAdvice     : ApplicationAdvice :: Invoking Method :: 'initMerchantOnlyBinder' Starts
2021-06-21 10:24:09.674  INFO 3492 --- [    Test worker] c.c.journey.advice.ApplicationAdvice     : ApplicationAdvice :: The Method :: 'initMerchantOnlyBinder' has returned :: null
2021-06-21 10:24:09.674  INFO 3492 --- [    Test worker] c.c.journey.advice.ApplicationAdvice     : ApplicationAdvice :: Invoking Method :: 'initMerchantOnlyBinder' Ends
2021-06-21 10:24:09.674  INFO 3492 --- [    Test worker] c.c.journey.advice.ApplicationAdvice     : ApplicationAdvice :: The Method :: 'initMerchantOnlyBinder' has been Executed in 0ms
2021-06-21 10:24:09.674  INFO 3492 --- [    Test worker] c.c.journey.advice.ApplicationAdvice     : ApplicationAdvice :: Invoking Method :: 'updateCustomer' Starts
Hibernate: 
    select
        customer0_.id as id1_0_0_,
        customer0_.first_name as first_na2_0_0_,
        customer0_.last_name as last_nam3_0_0_ 
    from
        customer customer0_ 
    where
        customer0_.id=?
2021-06-21 10:24:09.677 ERROR 3492 --- [    Test worker] c.c.journey.advice.ApplicationAdvice     : ApplicationAdvice :: The Method :: 'updateCustomer has ended up with exception :: customer.update.fail
2021-06-21 10:24:09.682  INFO 3492 --- [    Test worker] c.c.journey.advice.ApplicationAdvice     : ApplicationAdvice :: Invoking Method :: 'initMerchantOnlyBinder' Starts
2021-06-21 10:24:09.683  INFO 3492 --- [    Test worker] c.c.journey.advice.ApplicationAdvice     : ApplicationAdvice :: The Method :: 'initMerchantOnlyBinder' has returned :: null
2021-06-21 10:24:09.683  INFO 3492 --- [    Test worker] c.c.journey.advice.ApplicationAdvice     : ApplicationAdvice :: Invoking Method :: 'initMerchantOnlyBinder' Ends
2021-06-21 10:24:09.683  INFO 3492 --- [    Test worker] c.c.journey.advice.ApplicationAdvice     : ApplicationAdvice :: The Method :: 'initMerchantOnlyBinder' has been Executed in 0ms
2021-06-21 10:24:09.683  INFO 3492 --- [    Test worker] c.c.journey.advice.ApplicationAdvice     : ApplicationAdvice :: Invoking Method :: 'deleteCustomer' Starts
Hibernate: 
    select
        customer0_.id as id1_0_0_,
        customer0_.first_name as first_na2_0_0_,
        customer0_.last_name as last_nam3_0_0_ 
    from
        customer customer0_ 
    where
        customer0_.id=?
2021-06-21 10:24:09.684 ERROR 3492 --- [    Test worker] c.c.journey.advice.ApplicationAdvice     : ApplicationAdvice :: The Method :: 'deleteCustomer has ended up with exception :: customer.delete.fail
2021-06-21 10:24:09.690  INFO 3492 --- [    Test worker] c.c.journey.advice.ApplicationAdvice     : ApplicationAdvice :: Invoking Method :: 'getCustomerById' Starts
2021-06-21 10:24:09.703 ERROR 3492 --- [    Test worker] c.c.journey.advice.ApplicationAdvice     : ApplicationAdvice :: The Method :: 'getCustomerById has ended up with exception :: getCustomerById.customerId: Give a valid customer id

MockHttpServletRequest:
      HTTP Method = GET
      Request URI = /customer/findById/30ututuuryre
       Parameters = {}
          Headers = []
             Body = null
    Session Attrs = {}

Handler:
             Type = com.customer.journey.controller.CustomerController
           Method = com.customer.journey.controller.CustomerController#getCustomerById(String)

Async:
    Async started = false
     Async result = null

Resolved Exception:
             Type = javax.validation.ConstraintViolationException

ModelAndView:
        View name = null
             View = null
            Model = null

FlashMap:
       Attributes = null

MockHttpServletResponse:
           Status = 400
    Error message = null
          Headers = [Content-Type:"application/json"]
     Content type = application/json
             Body = {"errTimestamp":"2021-06-21 10:24:09","errMessage":"Give a valid customer id","errDetail":"Please correct your input data and re-submit the message","errUri":"/customer/findById/30ututuuryre"}
    Forwarded URL = null
   Redirected URL = null
          Cookies = []
2021-06-21 10:24:09.709  INFO 3492 --- [    Test worker] c.c.journey.advice.ApplicationAdvice     : ApplicationAdvice :: Invoking Method :: 'initMerchantOnlyBinder' Starts
2021-06-21 10:24:09.709  INFO 3492 --- [    Test worker] c.c.journey.advice.ApplicationAdvice     : ApplicationAdvice :: The Method :: 'initMerchantOnlyBinder' has returned :: null
2021-06-21 10:24:09.709  INFO 3492 --- [    Test worker] c.c.journey.advice.ApplicationAdvice     : ApplicationAdvice :: Invoking Method :: 'initMerchantOnlyBinder' Ends
2021-06-21 10:24:09.709  INFO 3492 --- [    Test worker] c.c.journey.advice.ApplicationAdvice     : ApplicationAdvice :: The Method :: 'initMerchantOnlyBinder' has been Executed in 0ms
2021-06-21 10:24:09.716  INFO 3492 --- [    Test worker] c.c.journey.advice.ApplicationAdvice     : ApplicationAdvice :: Invoking Method :: 'initMerchantOnlyBinder' Starts
2021-06-21 10:24:09.718  INFO 3492 --- [    Test worker] c.c.journey.advice.ApplicationAdvice     : ApplicationAdvice :: The Method :: 'initMerchantOnlyBinder' has returned :: null
2021-06-21 10:24:09.718  INFO 3492 --- [    Test worker] c.c.journey.advice.ApplicationAdvice     : ApplicationAdvice :: Invoking Method :: 'initMerchantOnlyBinder' Ends
2021-06-21 10:24:09.718  INFO 3492 --- [    Test worker] c.c.journey.advice.ApplicationAdvice     : ApplicationAdvice :: The Method :: 'initMerchantOnlyBinder' has been Executed in 1ms
2021-06-21 10:24:09.723  INFO 3492 --- [    Test worker] c.c.journey.advice.ApplicationAdvice     : ApplicationAdvice :: Invoking Method :: 'initMerchantOnlyBinder' Starts
2021-06-21 10:24:09.724  INFO 3492 --- [    Test worker] c.c.journey.advice.ApplicationAdvice     : ApplicationAdvice :: The Method :: 'initMerchantOnlyBinder' has returned :: null
2021-06-21 10:24:09.724  INFO 3492 --- [    Test worker] c.c.journey.advice.ApplicationAdvice     : ApplicationAdvice :: Invoking Method :: 'initMerchantOnlyBinder' Ends
2021-06-21 10:24:09.724  INFO 3492 --- [    Test worker] c.c.journey.advice.ApplicationAdvice     : ApplicationAdvice :: The Method :: 'initMerchantOnlyBinder' has been Executed in 1ms
2021-06-21 10:24:09.730  INFO 3492 --- [    Test worker] c.c.journey.advice.ApplicationAdvice     : ApplicationAdvice :: Invoking Method :: 'initMerchantOnlyBinder' Starts
2021-06-21 10:24:09.730  INFO 3492 --- [    Test worker] c.c.journey.advice.ApplicationAdvice     : ApplicationAdvice :: The Method :: 'initMerchantOnlyBinder' has returned :: null
2021-06-21 10:24:09.730  INFO 3492 --- [    Test worker] c.c.journey.advice.ApplicationAdvice     : ApplicationAdvice :: Invoking Method :: 'initMerchantOnlyBinder' Ends
2021-06-21 10:24:09.730  INFO 3492 --- [    Test worker] c.c.journey.advice.ApplicationAdvice     : ApplicationAdvice :: The Method :: 'initMerchantOnlyBinder' has been Executed in 0ms
2021-06-21 10:24:09.738  INFO 3492 --- [    Test worker] c.c.journey.advice.ApplicationAdvice     : ApplicationAdvice :: Invoking Method :: 'initMerchantOnlyBinder' Starts
2021-06-21 10:24:09.738  INFO 3492 --- [    Test worker] c.c.journey.advice.ApplicationAdvice     : ApplicationAdvice :: The Method :: 'initMerchantOnlyBinder' has returned :: null
2021-06-21 10:24:09.738  INFO 3492 --- [    Test worker] c.c.journey.advice.ApplicationAdvice     : ApplicationAdvice :: Invoking Method :: 'initMerchantOnlyBinder' Ends
2021-06-21 10:24:09.739  INFO 3492 --- [    Test worker] c.c.journey.advice.ApplicationAdvice     : ApplicationAdvice :: The Method :: 'initMerchantOnlyBinder' has been Executed in 0ms
2021-06-21 10:24:09.745  INFO 3492 --- [    Test worker] c.c.journey.advice.ApplicationAdvice     : ApplicationAdvice :: Invoking Method :: 'initMerchantOnlyBinder' Starts
2021-06-21 10:24:09.746  INFO 3492 --- [    Test worker] c.c.journey.advice.ApplicationAdvice     : ApplicationAdvice :: The Method :: 'initMerchantOnlyBinder' has returned :: null
2021-06-21 10:24:09.746  INFO 3492 --- [    Test worker] c.c.journey.advice.ApplicationAdvice     : ApplicationAdvice :: Invoking Method :: 'initMerchantOnlyBinder' Ends
2021-06-21 10:24:09.746  INFO 3492 --- [    Test worker] c.c.journey.advice.ApplicationAdvice     : ApplicationAdvice :: The Method :: 'initMerchantOnlyBinder' has been Executed in 1ms
2021-06-21 10:24:09.753  INFO 3492 --- [    Test worker] c.c.journey.advice.ApplicationAdvice     : ApplicationAdvice :: Invoking Method :: 'initMerchantOnlyBinder' Starts
2021-06-21 10:24:09.753  INFO 3492 --- [    Test worker] c.c.journey.advice.ApplicationAdvice     : ApplicationAdvice :: The Method :: 'initMerchantOnlyBinder' has returned :: null
2021-06-21 10:24:09.753  INFO 3492 --- [    Test worker] c.c.journey.advice.ApplicationAdvice     : ApplicationAdvice :: Invoking Method :: 'initMerchantOnlyBinder' Ends
2021-06-21 10:24:09.753  INFO 3492 --- [    Test worker] c.c.journey.advice.ApplicationAdvice     : ApplicationAdvice :: The Method :: 'initMerchantOnlyBinder' has been Executed in 0ms
2021-06-21 10:24:09.761  INFO 3492 --- [    Test worker] c.c.journey.advice.ApplicationAdvice     : ApplicationAdvice :: Invoking Method :: 'initMerchantOnlyBinder' Starts
2021-06-21 10:24:09.762  INFO 3492 --- [    Test worker] c.c.journey.advice.ApplicationAdvice     : ApplicationAdvice :: The Method :: 'initMerchantOnlyBinder' has returned :: null
2021-06-21 10:24:09.762  INFO 3492 --- [    Test worker] c.c.journey.advice.ApplicationAdvice     : ApplicationAdvice :: Invoking Method :: 'initMerchantOnlyBinder' Ends
2021-06-21 10:24:09.762  INFO 3492 --- [    Test worker] c.c.journey.advice.ApplicationAdvice     : ApplicationAdvice :: The Method :: 'initMerchantOnlyBinder' has been Executed in 1ms
2021-06-21 10:24:09.770  INFO 3492 --- [    Test worker] c.c.journey.advice.ApplicationAdvice     : ApplicationAdvice :: Invoking Method :: 'initMerchantOnlyBinder' Starts
2021-06-21 10:24:09.771  INFO 3492 --- [    Test worker] c.c.journey.advice.ApplicationAdvice     : ApplicationAdvice :: The Method :: 'initMerchantOnlyBinder' has returned :: null
2021-06-21 10:24:09.771  INFO 3492 --- [    Test worker] c.c.journey.advice.ApplicationAdvice     : ApplicationAdvice :: Invoking Method :: 'initMerchantOnlyBinder' Ends
2021-06-21 10:24:09.771  INFO 3492 --- [    Test worker] c.c.journey.advice.ApplicationAdvice     : ApplicationAdvice :: The Method :: 'initMerchantOnlyBinder' has been Executed in 1ms
]]></system-out>
  <system-err><![CDATA[]]></system-err>
</testsuite>
