<?xml version="1.0" encoding="UTF-8"?>
<testsuite name="com.customer.journey.CustomerJourneyApplicationTest" tests="7" skipped="0" failures="0" errors="0" timestamp="2021-06-21T02:24:08" hostname="DESKTOP-OK1QKNE" time="0.865">
  <properties/>
  <testcase name="sanity_check_with_default_initialized_data_1()" classname="com.customer.journey.CustomerJourneyApplicationTest" time="0.592"/>
  <testcase name="sanity_check_with_default_initialized_data_2()" classname="com.customer.journey.CustomerJourneyApplicationTest" time="0.085"/>
  <testcase name="sanity_check_with_default_initialized_data_3()" classname="com.customer.journey.CustomerJourneyApplicationTest" time="0.019"/>
  <testcase name="sanity_check_with_default_initialized_data_4()" classname="com.customer.journey.CustomerJourneyApplicationTest" time="0.012"/>
  <testcase name="sanity_check_with_default_initialized_data_5()" classname="com.customer.journey.CustomerJourneyApplicationTest" time="0.055"/>
  <testcase name="sanity_check_with_default_initialized_data_6()" classname="com.customer.journey.CustomerJourneyApplicationTest" time="0.009"/>
  <testcase name="contextLoads()" classname="com.customer.journey.CustomerJourneyApplicationTest" time="0.087"/>
  <system-out><![CDATA[10:24:00.232 [Test worker] DEBUG org.springframework.test.context.BootstrapUtils - Instantiating CacheAwareContextLoaderDelegate from class [org.springframework.test.context.cache.DefaultCacheAwareContextLoaderDelegate]
10:24:00.280 [Test worker] DEBUG org.springframework.test.context.BootstrapUtils - Instantiating BootstrapContext using constructor [public org.springframework.test.context.support.DefaultBootstrapContext(java.lang.Class,org.springframework.test.context.CacheAwareContextLoaderDelegate)]
10:24:00.394 [Test worker] DEBUG org.springframework.test.context.BootstrapUtils - Instantiating TestContextBootstrapper for test class [com.customer.journey.CustomerJourneyApplicationTest] from class [org.springframework.boot.test.context.SpringBootTestContextBootstrapper]
10:24:00.430 [Test worker] INFO org.springframework.boot.test.context.SpringBootTestContextBootstrapper - Neither @ContextConfiguration nor @ContextHierarchy found for test class [com.customer.journey.CustomerJourneyApplicationTest], using SpringBootContextLoader
10:24:00.444 [Test worker] DEBUG org.springframework.test.context.support.AbstractContextLoader - Did not detect default resource location for test class [com.customer.journey.CustomerJourneyApplicationTest]: class path resource [com/customer/journey/CustomerJourneyApplicationTest-context.xml] does not exist
10:24:00.445 [Test worker] DEBUG org.springframework.test.context.support.AbstractContextLoader - Did not detect default resource location for test class [com.customer.journey.CustomerJourneyApplicationTest]: class path resource [com/customer/journey/CustomerJourneyApplicationTestContext.groovy] does not exist
10:24:00.445 [Test worker] INFO org.springframework.test.context.support.AbstractContextLoader - Could not detect default resource locations for test class [com.customer.journey.CustomerJourneyApplicationTest]: no resource found for suffixes {-context.xml, Context.groovy}.
10:24:00.447 [Test worker] INFO org.springframework.test.context.support.AnnotationConfigContextLoaderUtils - Could not detect default configuration classes for test class [com.customer.journey.CustomerJourneyApplicationTest]: CustomerJourneyApplicationTest does not declare any static, non-private, non-final, nested classes annotated with @Configuration.
10:24:00.557 [Test worker] DEBUG org.springframework.test.context.support.ActiveProfilesUtils - Could not find an 'annotation declaring class' for annotation type [org.springframework.test.context.ActiveProfiles] and class [com.customer.journey.CustomerJourneyApplicationTest]
10:24:00.691 [Test worker] DEBUG org.springframework.context.annotation.ClassPathScanningCandidateComponentProvider - Identified candidate component class: file [C:\Users\Jhonson\Desktop\Project\GitHub\javaTest\level3\Customer-journey\build\classes\java\main\com\customer\journey\CustomerJourneyApplication.class]
10:24:00.693 [Test worker] INFO org.springframework.boot.test.context.SpringBootTestContextBootstrapper - Found @SpringBootConfiguration com.customer.journey.CustomerJourneyApplication for test class com.customer.journey.CustomerJourneyApplicationTest
10:24:00.869 [Test worker] DEBUG org.springframework.boot.test.context.SpringBootTestContextBootstrapper - @TestExecutionListeners is not present for class [com.customer.journey.CustomerJourneyApplicationTest]: using defaults.
10:24:00.870 [Test worker] INFO org.springframework.boot.test.context.SpringBootTestContextBootstrapper - Loaded default TestExecutionListener class names from location [META-INF/spring.factories]: [org.springframework.boot.test.autoconfigure.restdocs.RestDocsTestExecutionListener, org.springframework.boot.test.autoconfigure.web.client.MockRestServiceServerResetTestExecutionListener, org.springframework.boot.test.autoconfigure.web.servlet.MockMvcPrintOnlyOnFailureTestExecutionListener, org.springframework.boot.test.autoconfigure.web.servlet.WebDriverTestExecutionListener, org.springframework.boot.test.autoconfigure.webservices.client.MockWebServiceServerTestExecutionListener, org.springframework.boot.test.mock.mockito.MockitoTestExecutionListener, org.springframework.boot.test.mock.mockito.ResetMocksTestExecutionListener, org.springframework.test.context.web.ServletTestExecutionListener, org.springframework.test.context.support.DirtiesContextBeforeModesTestExecutionListener, org.springframework.test.context.event.ApplicationEventsTestExecutionListener, org.springframework.test.context.support.DependencyInjectionTestExecutionListener, org.springframework.test.context.support.DirtiesContextTestExecutionListener, org.springframework.test.context.transaction.TransactionalTestExecutionListener, org.springframework.test.context.jdbc.SqlScriptsTestExecutionListener, org.springframework.test.context.event.EventPublishingTestExecutionListener]
10:24:00.910 [Test worker] INFO org.springframework.boot.test.context.SpringBootTestContextBootstrapper - Using TestExecutionListeners: [org.springframework.test.context.web.ServletTestExecutionListener@62906aa, org.springframework.test.context.support.DirtiesContextBeforeModesTestExecutionListener@68661d04, org.springframework.test.context.event.ApplicationEventsTestExecutionListener@6c500586, org.springframework.boot.test.mock.mockito.MockitoTestExecutionListener@59c79753, org.springframework.boot.test.autoconfigure.SpringBootDependencyInjectionTestExecutionListener@1715c697, org.springframework.test.context.support.DirtiesContextTestExecutionListener@4f43774c, org.springframework.test.context.transaction.TransactionalTestExecutionListener@23d32717, org.springframework.test.context.jdbc.SqlScriptsTestExecutionListener@464b5131, org.springframework.test.context.event.EventPublishingTestExecutionListener@7fd31611, org.springframework.boot.test.autoconfigure.restdocs.RestDocsTestExecutionListener@2bfef7b0, org.springframework.boot.test.autoconfigure.web.client.MockRestServiceServerResetTestExecutionListener@11af9647, org.springframework.boot.test.autoconfigure.web.servlet.MockMvcPrintOnlyOnFailureTestExecutionListener@df18f9a, org.springframework.boot.test.autoconfigure.web.servlet.WebDriverTestExecutionListener@6a7563ab, org.springframework.boot.test.autoconfigure.webservices.client.MockWebServiceServerTestExecutionListener@366a5a22, org.springframework.boot.test.mock.mockito.ResetMocksTestExecutionListener@5b1aef06]
10:24:00.919 [Test worker] DEBUG org.springframework.test.context.support.AbstractDirtiesContextTestExecutionListener - Before test class: context [DefaultTestContext@30d52323 testClass = CustomerJourneyApplicationTest, testInstance = [null], testMethod = [null], testException = [null], mergedContextConfiguration = [WebMergedContextConfiguration@4993fa1e testClass = CustomerJourneyApplicationTest, locations = '{}', classes = '{class com.customer.journey.CustomerJourneyApplication}', contextInitializerClasses = '[]', activeProfiles = '{}', propertySourceLocations = '{}', propertySourceProperties = '{org.springframework.boot.test.context.SpringBootTestContextBootstrapper=true}', contextCustomizers = set[org.springframework.boot.test.autoconfigure.actuate.metrics.MetricsExportContextCustomizerFactory$DisableMetricExportContextCustomizer@66d8022e, org.springframework.boot.test.autoconfigure.properties.PropertyMappingContextCustomizer@4b3fa0b3, org.springframework.boot.test.autoconfigure.web.servlet.WebDriverContextCustomizerFactory$Customizer@7352a95, [ImportsContextCustomizer@2e364247 key = [org.springframework.boot.test.autoconfigure.web.servlet.MockMvcAutoConfiguration, org.springframework.boot.test.autoconfigure.web.servlet.MockMvcWebClientAutoConfiguration, org.springframework.boot.test.autoconfigure.web.servlet.MockMvcWebDriverAutoConfiguration, org.springframework.boot.autoconfigure.security.oauth2.client.servlet.OAuth2ClientAutoConfiguration, org.springframework.boot.autoconfigure.security.oauth2.resource.servlet.OAuth2ResourceServerAutoConfiguration, org.springframework.boot.autoconfigure.security.servlet.SecurityAutoConfiguration, org.springframework.boot.autoconfigure.security.servlet.SecurityFilterAutoConfiguration, org.springframework.boot.autoconfigure.security.servlet.UserDetailsServiceAutoConfiguration, org.springframework.boot.test.autoconfigure.web.servlet.MockMvcSecurityConfiguration]], org.springframework.boot.test.context.filter.ExcludeFilterContextCustomizer@4a03c945, org.springframework.boot.test.json.DuplicateJsonObjectContextCustomizerFactory$DuplicateJsonObjectContextCustomizer@46840424, org.springframework.boot.test.mock.mockito.MockitoContextCustomizer@0, org.springframework.boot.test.web.client.TestRestTemplateContextCustomizer@58874ba3, org.springframework.boot.test.context.SpringBootTestArgs@1, org.springframework.boot.test.context.SpringBootTestWebEnvironment@388f207c], resourceBasePath = 'src/main/webapp', contextLoader = 'org.springframework.boot.test.context.SpringBootContextLoader', parent = [null]], attributes = map['org.springframework.test.context.web.ServletTestExecutionListener.activateListener' -> true]], class annotated with @DirtiesContext [false] with mode [null].
10:24:00.986 [Test worker] DEBUG org.springframework.test.context.support.TestPropertySourceUtils - Adding inlined properties to environment: {spring.jmx.enabled=false, org.springframework.boot.test.context.SpringBootTestContextBootstrapper=true}

  .   ____          _            __ _ _
 /\\ / ___'_ __ _ _(_)_ __  __ _ \ \ \ \
( ( )\___ | '_ | '_| | '_ \/ _` | \ \ \ \
 \\/  ___)| |_)| | | | | || (_| |  ) ) ) )
  '  |____| .__|_| |_|_| |_\__, | / / / /
 =========|_|==============|___/=/_/_/_/
 :: Spring Boot ::                (v2.5.1)

2021-06-21 10:24:01.502  INFO 3492 --- [    Test worker] c.c.j.CustomerJourneyApplicationTest     : Starting CustomerJourneyApplicationTest using Java 1.8.0_291 on DESKTOP-OK1QKNE with PID 3492 (started by Jhonson in C:\Users\Jhonson\Desktop\Project\GitHub\javaTest\level3\Customer-journey)
2021-06-21 10:24:01.504 DEBUG 3492 --- [    Test worker] c.c.j.CustomerJourneyApplicationTest     : Running with Spring Boot v2.5.1, Spring v5.3.8
2021-06-21 10:24:01.506  INFO 3492 --- [    Test worker] c.c.j.CustomerJourneyApplicationTest     : No active profile set, falling back to default profiles: default
2021-06-21 10:24:04.495  INFO 3492 --- [    Test worker] com.zaxxer.hikari.HikariDataSource       : HikariPool-1 - Starting...
2021-06-21 10:24:04.780  INFO 3492 --- [    Test worker] com.zaxxer.hikari.HikariDataSource       : HikariPool-1 - Start completed.
Hibernate: 
    
    drop table if exists customer CASCADE 
Hibernate: 
    
    create table customer (
       id bigint generated by default as identity,
        first_name varchar(255),
        last_name varchar(255),
        primary key (id)
    )
2021-06-21 10:24:08.417  INFO 3492 --- [    Test worker] c.c.j.CustomerJourneyApplicationTest     : Started CustomerJourneyApplicationTest in 7.419 seconds (JVM running for 10.201)
2021-06-21 10:24:08.585  INFO 3492 --- [    Test worker] c.c.journey.advice.ApplicationAdvice     : ApplicationAdvice :: Invoking Method :: 'getAllCustomer' Starts
Hibernate: 
    /* select
        generatedAlias0 
    from
        Customer as generatedAlias0 */ select
            customer0_.id as id1_0_,
            customer0_.first_name as first_na2_0_,
            customer0_.last_name as last_nam3_0_ 
        from
            customer customer0_
2021-06-21 10:24:08.959  INFO 3492 --- [    Test worker] c.c.journey.advice.ApplicationAdvice     : ApplicationAdvice :: The Method :: 'getAllCustomer' has returned :: <200 OK OK,[Customer[id=1, firstName='Shiva', lastName='MURUGAN'], Customer[id=2, firstName='Lee Cher', lastName='LENG'], Customer[id=3, firstName='David', lastName='JOHN'], Customer[id=4, firstName='Junhao', lastName='XIANYONG'], Customer[id=5, firstName='Lee', lastName='TAN'], Customer[id=6, firstName='Guoyao', lastName='WEIMING'], Customer[id=7, firstName='Jhon', lastName='PAUL'], Customer[id=8, firstName='Kumar', lastName='SENTHIL'], Customer[id=9, firstName='Bala', lastName='GANESH'], Customer[id=10, firstName='God', lastName='WIN']],[]>
2021-06-21 10:24:08.960  INFO 3492 --- [    Test worker] c.c.journey.advice.ApplicationAdvice     : ApplicationAdvice :: Invoking Method :: 'getAllCustomer' Ends
2021-06-21 10:24:08.960  INFO 3492 --- [    Test worker] c.c.journey.advice.ApplicationAdvice     : ApplicationAdvice :: The Method :: 'getAllCustomer' has been Executed in 374ms

MockHttpServletRequest:
      HTTP Method = GET
      Request URI = /customer/listAllCustomers
       Parameters = {}
          Headers = []
             Body = null
    Session Attrs = {}

Handler:
             Type = com.customer.journey.controller.CustomerController
           Method = com.customer.journey.controller.CustomerController#getAllCustomer()

Async:
    Async started = false
     Async result = null

Resolved Exception:
             Type = null

ModelAndView:
        View name = null
             View = null
            Model = null

FlashMap:
       Attributes = null

MockHttpServletResponse:
           Status = 200
    Error message = null
          Headers = [Content-Type:"application/json"]
     Content type = application/json
             Body = [{"id":1,"firstName":"Shiva","lastName":"MURUGAN"},{"id":2,"firstName":"Lee Cher","lastName":"LENG"},{"id":3,"firstName":"David","lastName":"JOHN"},{"id":4,"firstName":"Junhao","lastName":"XIANYONG"},{"id":5,"firstName":"Lee","lastName":"TAN"},{"id":6,"firstName":"Guoyao","lastName":"WEIMING"},{"id":7,"firstName":"Jhon","lastName":"PAUL"},{"id":8,"firstName":"Kumar","lastName":"SENTHIL"},{"id":9,"firstName":"Bala","lastName":"GANESH"},{"id":10,"firstName":"God","lastName":"WIN"}]
    Forwarded URL = null
   Redirected URL = null
          Cookies = []
2021-06-21 10:24:09.048  INFO 3492 --- [    Test worker] c.c.journey.advice.ApplicationAdvice     : ApplicationAdvice :: Invoking Method :: 'getAllCustomer' Starts
Hibernate: 
    /* select
        generatedAlias0 
    from
        Customer as generatedAlias0 */ select
            customer0_.id as id1_0_,
            customer0_.first_name as first_na2_0_,
            customer0_.last_name as last_nam3_0_ 
        from
            customer customer0_
2021-06-21 10:24:09.052  INFO 3492 --- [    Test worker] c.c.journey.advice.ApplicationAdvice     : ApplicationAdvice :: The Method :: 'getAllCustomer' has returned :: <200 OK OK,[Customer[id=1, firstName='Shiva', lastName='MURUGAN'], Customer[id=2, firstName='Lee Cher', lastName='LENG'], Customer[id=3, firstName='David', lastName='JOHN'], Customer[id=4, firstName='Junhao', lastName='XIANYONG'], Customer[id=5, firstName='Lee', lastName='TAN'], Customer[id=6, firstName='Guoyao', lastName='WEIMING'], Customer[id=7, firstName='Jhon', lastName='PAUL'], Customer[id=8, firstName='Kumar', lastName='SENTHIL'], Customer[id=9, firstName='Bala', lastName='GANESH'], Customer[id=10, firstName='God', lastName='WIN']],[]>
2021-06-21 10:24:09.052  INFO 3492 --- [    Test worker] c.c.journey.advice.ApplicationAdvice     : ApplicationAdvice :: Invoking Method :: 'getAllCustomer' Ends
2021-06-21 10:24:09.052  INFO 3492 --- [    Test worker] c.c.journey.advice.ApplicationAdvice     : ApplicationAdvice :: The Method :: 'getAllCustomer' has been Executed in 4ms

MockHttpServletRequest:
      HTTP Method = GET
      Request URI = /customer/listAllCustomers
       Parameters = {}
          Headers = []
             Body = null
    Session Attrs = {}

Handler:
             Type = com.customer.journey.controller.CustomerController
           Method = com.customer.journey.controller.CustomerController#getAllCustomer()

Async:
    Async started = false
     Async result = null

Resolved Exception:
             Type = null

ModelAndView:
        View name = null
             View = null
            Model = null

FlashMap:
       Attributes = null

MockHttpServletResponse:
           Status = 200
    Error message = null
          Headers = [Content-Type:"application/json"]
     Content type = application/json
             Body = [{"id":1,"firstName":"Shiva","lastName":"MURUGAN"},{"id":2,"firstName":"Lee Cher","lastName":"LENG"},{"id":3,"firstName":"David","lastName":"JOHN"},{"id":4,"firstName":"Junhao","lastName":"XIANYONG"},{"id":5,"firstName":"Lee","lastName":"TAN"},{"id":6,"firstName":"Guoyao","lastName":"WEIMING"},{"id":7,"firstName":"Jhon","lastName":"PAUL"},{"id":8,"firstName":"Kumar","lastName":"SENTHIL"},{"id":9,"firstName":"Bala","lastName":"GANESH"},{"id":10,"firstName":"God","lastName":"WIN"}]
    Forwarded URL = null
   Redirected URL = null
          Cookies = []
2021-06-21 10:24:09.134  INFO 3492 --- [    Test worker] c.c.journey.advice.ApplicationAdvice     : ApplicationAdvice :: Invoking Method :: 'getAllCustomer' Starts
Hibernate: 
    /* select
        generatedAlias0 
    from
        Customer as generatedAlias0 */ select
            customer0_.id as id1_0_,
            customer0_.first_name as first_na2_0_,
            customer0_.last_name as last_nam3_0_ 
        from
            customer customer0_
2021-06-21 10:24:09.144  INFO 3492 --- [    Test worker] c.c.journey.advice.ApplicationAdvice     : ApplicationAdvice :: The Method :: 'getAllCustomer' has returned :: <200 OK OK,[Customer[id=1, firstName='Shiva', lastName='MURUGAN'], Customer[id=2, firstName='Lee Cher', lastName='LENG'], Customer[id=3, firstName='David', lastName='JOHN'], Customer[id=4, firstName='Junhao', lastName='XIANYONG'], Customer[id=5, firstName='Lee', lastName='TAN'], Customer[id=6, firstName='Guoyao', lastName='WEIMING'], Customer[id=7, firstName='Jhon', lastName='PAUL'], Customer[id=8, firstName='Kumar', lastName='SENTHIL'], Customer[id=9, firstName='Bala', lastName='GANESH'], Customer[id=10, firstName='God', lastName='WIN']],[]>
2021-06-21 10:24:09.145  INFO 3492 --- [    Test worker] c.c.journey.advice.ApplicationAdvice     : ApplicationAdvice :: Invoking Method :: 'getAllCustomer' Ends
2021-06-21 10:24:09.145  INFO 3492 --- [    Test worker] c.c.journey.advice.ApplicationAdvice     : ApplicationAdvice :: The Method :: 'getAllCustomer' has been Executed in 11ms

MockHttpServletRequest:
      HTTP Method = GET
      Request URI = /customer/listAllCustomers
       Parameters = {}
          Headers = []
             Body = null
    Session Attrs = {}

Handler:
             Type = com.customer.journey.controller.CustomerController
           Method = com.customer.journey.controller.CustomerController#getAllCustomer()

Async:
    Async started = false
     Async result = null

Resolved Exception:
             Type = null

ModelAndView:
        View name = null
             View = null
            Model = null

FlashMap:
       Attributes = null

MockHttpServletResponse:
           Status = 200
    Error message = null
          Headers = [Content-Type:"application/json"]
     Content type = application/json
             Body = [{"id":1,"firstName":"Shiva","lastName":"MURUGAN"},{"id":2,"firstName":"Lee Cher","lastName":"LENG"},{"id":3,"firstName":"David","lastName":"JOHN"},{"id":4,"firstName":"Junhao","lastName":"XIANYONG"},{"id":5,"firstName":"Lee","lastName":"TAN"},{"id":6,"firstName":"Guoyao","lastName":"WEIMING"},{"id":7,"firstName":"Jhon","lastName":"PAUL"},{"id":8,"firstName":"Kumar","lastName":"SENTHIL"},{"id":9,"firstName":"Bala","lastName":"GANESH"},{"id":10,"firstName":"God","lastName":"WIN"}]
    Forwarded URL = null
   Redirected URL = null
          Cookies = []
2021-06-21 10:24:09.153  INFO 3492 --- [    Test worker] c.c.journey.advice.ApplicationAdvice     : ApplicationAdvice :: Invoking Method :: 'getAllCustomer' Starts
Hibernate: 
    /* select
        generatedAlias0 
    from
        Customer as generatedAlias0 */ select
            customer0_.id as id1_0_,
            customer0_.first_name as first_na2_0_,
            customer0_.last_name as last_nam3_0_ 
        from
            customer customer0_
2021-06-21 10:24:09.157  INFO 3492 --- [    Test worker] c.c.journey.advice.ApplicationAdvice     : ApplicationAdvice :: The Method :: 'getAllCustomer' has returned :: <200 OK OK,[Customer[id=1, firstName='Shiva', lastName='MURUGAN'], Customer[id=2, firstName='Lee Cher', lastName='LENG'], Customer[id=3, firstName='David', lastName='JOHN'], Customer[id=4, firstName='Junhao', lastName='XIANYONG'], Customer[id=5, firstName='Lee', lastName='TAN'], Customer[id=6, firstName='Guoyao', lastName='WEIMING'], Customer[id=7, firstName='Jhon', lastName='PAUL'], Customer[id=8, firstName='Kumar', lastName='SENTHIL'], Customer[id=9, firstName='Bala', lastName='GANESH'], Customer[id=10, firstName='God', lastName='WIN']],[]>
2021-06-21 10:24:09.157  INFO 3492 --- [    Test worker] c.c.journey.advice.ApplicationAdvice     : ApplicationAdvice :: Invoking Method :: 'getAllCustomer' Ends
2021-06-21 10:24:09.157  INFO 3492 --- [    Test worker] c.c.journey.advice.ApplicationAdvice     : ApplicationAdvice :: The Method :: 'getAllCustomer' has been Executed in 3ms

MockHttpServletRequest:
      HTTP Method = GET
      Request URI = /customer/listAllCustomers
       Parameters = {}
          Headers = []
             Body = null
    Session Attrs = {}

Handler:
             Type = com.customer.journey.controller.CustomerController
           Method = com.customer.journey.controller.CustomerController#getAllCustomer()

Async:
    Async started = false
     Async result = null

Resolved Exception:
             Type = null

ModelAndView:
        View name = null
             View = null
            Model = null

FlashMap:
       Attributes = null

MockHttpServletResponse:
           Status = 200
    Error message = null
          Headers = [Content-Type:"application/json"]
     Content type = application/json
             Body = [{"id":1,"firstName":"Shiva","lastName":"MURUGAN"},{"id":2,"firstName":"Lee Cher","lastName":"LENG"},{"id":3,"firstName":"David","lastName":"JOHN"},{"id":4,"firstName":"Junhao","lastName":"XIANYONG"},{"id":5,"firstName":"Lee","lastName":"TAN"},{"id":6,"firstName":"Guoyao","lastName":"WEIMING"},{"id":7,"firstName":"Jhon","lastName":"PAUL"},{"id":8,"firstName":"Kumar","lastName":"SENTHIL"},{"id":9,"firstName":"Bala","lastName":"GANESH"},{"id":10,"firstName":"God","lastName":"WIN"}]
    Forwarded URL = null
   Redirected URL = null
          Cookies = []
2021-06-21 10:24:09.174  INFO 3492 --- [    Test worker] c.c.journey.advice.ApplicationAdvice     : ApplicationAdvice :: Invoking Method :: 'getCustomerById' Starts
Hibernate: 
    select
        customer0_.id as id1_0_0_,
        customer0_.first_name as first_na2_0_0_,
        customer0_.last_name as last_nam3_0_0_ 
    from
        customer customer0_ 
    where
        customer0_.id=?
2021-06-21 10:24:09.215  INFO 3492 --- [    Test worker] c.c.journey.advice.ApplicationAdvice     : ApplicationAdvice :: The Method :: 'getCustomerById' has returned :: <200 OK OK,Customer[id=3, firstName='David', lastName='JOHN'],[]>
2021-06-21 10:24:09.215  INFO 3492 --- [    Test worker] c.c.journey.advice.ApplicationAdvice     : ApplicationAdvice :: Invoking Method :: 'getCustomerById' Ends
2021-06-21 10:24:09.215  INFO 3492 --- [    Test worker] c.c.journey.advice.ApplicationAdvice     : ApplicationAdvice :: The Method :: 'getCustomerById' has been Executed in 41ms

MockHttpServletRequest:
      HTTP Method = GET
      Request URI = /customer/findById/3
       Parameters = {}
          Headers = []
             Body = null
    Session Attrs = {}

Handler:
             Type = com.customer.journey.controller.CustomerController
           Method = com.customer.journey.controller.CustomerController#getCustomerById(String)

Async:
    Async started = false
     Async result = null

Resolved Exception:
             Type = null

ModelAndView:
        View name = null
             View = null
            Model = null

FlashMap:
       Attributes = null

MockHttpServletResponse:
           Status = 200
    Error message = null
          Headers = [Content-Type:"application/json"]
     Content type = application/json
             Body = {"id":3,"firstName":"David","lastName":"JOHN"}
    Forwarded URL = null
   Redirected URL = null
          Cookies = []
2021-06-21 10:24:09.223  INFO 3492 --- [    Test worker] c.c.journey.advice.ApplicationAdvice     : ApplicationAdvice :: Invoking Method :: 'getCustomerById' Starts
Hibernate: 
    select
        customer0_.id as id1_0_0_,
        customer0_.first_name as first_na2_0_0_,
        customer0_.last_name as last_nam3_0_0_ 
    from
        customer customer0_ 
    where
        customer0_.id=?
2021-06-21 10:24:09.226  INFO 3492 --- [    Test worker] c.c.journey.advice.ApplicationAdvice     : ApplicationAdvice :: The Method :: 'getCustomerById' has returned :: <200 OK OK,Customer[id=8, firstName='Kumar', lastName='SENTHIL'],[]>
2021-06-21 10:24:09.226  INFO 3492 --- [    Test worker] c.c.journey.advice.ApplicationAdvice     : ApplicationAdvice :: Invoking Method :: 'getCustomerById' Ends
2021-06-21 10:24:09.226  INFO 3492 --- [    Test worker] c.c.journey.advice.ApplicationAdvice     : ApplicationAdvice :: The Method :: 'getCustomerById' has been Executed in 3ms

MockHttpServletRequest:
      HTTP Method = GET
      Request URI = /customer/findById/8
       Parameters = {}
          Headers = []
             Body = null
    Session Attrs = {}

Handler:
             Type = com.customer.journey.controller.CustomerController
           Method = com.customer.journey.controller.CustomerController#getCustomerById(String)

Async:
    Async started = false
     Async result = null

Resolved Exception:
             Type = null

ModelAndView:
        View name = null
             View = null
            Model = null

FlashMap:
       Attributes = null

MockHttpServletResponse:
           Status = 200
    Error message = null
          Headers = [Content-Type:"application/json"]
     Content type = application/json
             Body = {"id":8,"firstName":"Kumar","lastName":"SENTHIL"}
    Forwarded URL = null
   Redirected URL = null
          Cookies = []
]]></system-out>
  <system-err><![CDATA[]]></system-err>
</testsuite>
